mode: set
github.com/emilybache/gildedrose-refactoring-kata/gildedrose/gildedrose.go:8.35,9.34 1 1
github.com/emilybache/gildedrose-refactoring-kata/gildedrose/gildedrose.go:9.34,11.99 1 1
github.com/emilybache/gildedrose-refactoring-kata/gildedrose/gildedrose.go:11.99,12.28 1 1
github.com/emilybache/gildedrose-refactoring-kata/gildedrose/gildedrose.go:12.28,13.85 1 1
github.com/emilybache/gildedrose-refactoring-kata/gildedrose/gildedrose.go:13.85,15.6 1 1
github.com/emilybache/gildedrose-refactoring-kata/gildedrose/gildedrose.go:17.5,17.36 1 1
github.com/emilybache/gildedrose-refactoring-kata/gildedrose/gildedrose.go:17.36,19.6 1 0
github.com/emilybache/gildedrose-refactoring-kata/gildedrose/gildedrose.go:21.9,22.29 1 1
github.com/emilybache/gildedrose-refactoring-kata/gildedrose/gildedrose.go:22.29,24.69 2 1
github.com/emilybache/gildedrose-refactoring-kata/gildedrose/gildedrose.go:24.69,25.30 1 1
github.com/emilybache/gildedrose-refactoring-kata/gildedrose/gildedrose.go:25.30,26.32 1 1
github.com/emilybache/gildedrose-refactoring-kata/gildedrose/gildedrose.go:26.32,28.8 1 0
github.com/emilybache/gildedrose-refactoring-kata/gildedrose/gildedrose.go:30.6,30.29 1 1
github.com/emilybache/gildedrose-refactoring-kata/gildedrose/gildedrose.go:30.29,31.32 1 1
github.com/emilybache/gildedrose-refactoring-kata/gildedrose/gildedrose.go:31.32,33.8 1 0
github.com/emilybache/gildedrose-refactoring-kata/gildedrose/gildedrose.go:39.3,39.52 1 1
github.com/emilybache/gildedrose-refactoring-kata/gildedrose/gildedrose.go:39.52,41.4 1 1
github.com/emilybache/gildedrose-refactoring-kata/gildedrose/gildedrose.go:43.3,43.26 1 1
github.com/emilybache/gildedrose-refactoring-kata/gildedrose/gildedrose.go:43.26,44.36 1 1
github.com/emilybache/gildedrose-refactoring-kata/gildedrose/gildedrose.go:44.36,45.69 1 1
github.com/emilybache/gildedrose-refactoring-kata/gildedrose/gildedrose.go:45.69,46.30 1 1
github.com/emilybache/gildedrose-refactoring-kata/gildedrose/gildedrose.go:46.30,47.87 1 1
github.com/emilybache/gildedrose-refactoring-kata/gildedrose/gildedrose.go:47.87,49.8 1 0
github.com/emilybache/gildedrose-refactoring-kata/gildedrose/gildedrose.go:51.7,51.38 1 1
github.com/emilybache/gildedrose-refactoring-kata/gildedrose/gildedrose.go:51.38,53.8 1 0
github.com/emilybache/gildedrose-refactoring-kata/gildedrose/gildedrose.go:55.11,57.6 1 0
github.com/emilybache/gildedrose-refactoring-kata/gildedrose/gildedrose.go:58.10,59.30 1 0
github.com/emilybache/gildedrose-refactoring-kata/gildedrose/gildedrose.go:59.30,61.6 1 0
