mode: set
github.com/emilybache/gildedrose-refactoring-kata/gildedrose/gildedrose.go:12.35,13.29 1 1
github.com/emilybache/gildedrose-refactoring-kata/gildedrose/gildedrose.go:13.29,14.10 1 1
github.com/emilybache/gildedrose-refactoring-kata/gildedrose/gildedrose.go:15.48,16.12 1 1
github.com/emilybache/gildedrose-refactoring-kata/gildedrose/gildedrose.go:17.33,18.20 1 1
github.com/emilybache/gildedrose-refactoring-kata/gildedrose/gildedrose.go:19.56,20.31 1 1
github.com/emilybache/gildedrose-refactoring-kata/gildedrose/gildedrose.go:21.48,22.24 1 1
github.com/emilybache/gildedrose-refactoring-kata/gildedrose/gildedrose.go:23.11,24.27 1 1
github.com/emilybache/gildedrose-refactoring-kata/gildedrose/gildedrose.go:26.3,26.16 1 1
github.com/emilybache/gildedrose-refactoring-kata/gildedrose/gildedrose.go:30.29,31.23 1 1
github.com/emilybache/gildedrose-refactoring-kata/gildedrose/gildedrose.go:31.23,33.3 1 1
github.com/emilybache/gildedrose-refactoring-kata/gildedrose/gildedrose.go:36.40,37.9 1 1
github.com/emilybache/gildedrose-refactoring-kata/gildedrose/gildedrose.go:38.24,39.19 1 1
github.com/emilybache/gildedrose-refactoring-kata/gildedrose/gildedrose.go:40.23,41.20 1 1
github.com/emilybache/gildedrose-refactoring-kata/gildedrose/gildedrose.go:42.24,43.20 1 1
github.com/emilybache/gildedrose-refactoring-kata/gildedrose/gildedrose.go:44.10,45.17 1 1
github.com/emilybache/gildedrose-refactoring-kata/gildedrose/gildedrose.go:48.2,48.23 1 1
github.com/emilybache/gildedrose-refactoring-kata/gildedrose/gildedrose.go:48.23,50.3 1 1
github.com/emilybache/gildedrose-refactoring-kata/gildedrose/gildedrose.go:53.33,55.22 2 1
github.com/emilybache/gildedrose-refactoring-kata/gildedrose/gildedrose.go:55.22,57.3 1 1
github.com/emilybache/gildedrose-refactoring-kata/gildedrose/gildedrose.go:58.2,59.22 2 1
github.com/emilybache/gildedrose-refactoring-kata/gildedrose/gildedrose.go:59.22,61.3 1 1
github.com/emilybache/gildedrose-refactoring-kata/gildedrose/gildedrose.go:64.36,66.22 2 1
github.com/emilybache/gildedrose-refactoring-kata/gildedrose/gildedrose.go:66.22,68.3 1 1
github.com/emilybache/gildedrose-refactoring-kata/gildedrose/gildedrose.go:69.2,70.22 2 1
github.com/emilybache/gildedrose-refactoring-kata/gildedrose/gildedrose.go:70.22,72.3 1 1
